<?xml version="1.0" encoding="UTF-8"?>
<robot generator="Robot 3.2.1 (Python 3.8.3 on win32)" generated="20200707 14:03:26.202" rpa="false">
<suite id="s1" name="AmeTestesBDD" source="C:\Projetos\AmeProjetoWeb\testes\AmeTestesBDD.robot">
<test id="s1-t1" name="Cenário 01: Login sucesso">
<kw name="Abrir navegador" library="resources" type="setup">
<kw name="Open Browser" library="SeleniumLibrary">
<doc>Opens a new browser instance to the optional ``url``.</doc>
<arguments>
<arg>about:blank</arg>
<arg>${BROWSER}</arg>
</arguments>
<msg timestamp="20200707 14:03:26.527" level="INFO">Opening browser 'chrome' to base url 'about:blank'.</msg>
<status status="PASS" starttime="20200707 14:03:26.527" endtime="20200707 14:03:29.929"></status>
</kw>
<status status="PASS" starttime="20200707 14:03:26.526" endtime="20200707 14:03:29.929"></status>
</kw>
<kw name="Dado que estou na tela home" library="resources">
<kw name="Go To" library="SeleniumLibrary">
<doc>Navigates the current browser window to the provided ``url``.</doc>
<arguments>
<arg>http://automationpractice.com</arg>
</arguments>
<msg timestamp="20200707 14:03:29.931" level="INFO">Opening url 'http://automationpractice.com'</msg>
<status status="PASS" starttime="20200707 14:03:29.931" endtime="20200707 14:03:35.574"></status>
</kw>
<kw name="Title Should Be" library="SeleniumLibrary">
<doc>Verifies that the current page title equals ``title``.</doc>
<arguments>
<arg>My Store</arg>
</arguments>
<msg timestamp="20200707 14:03:35.581" level="INFO">Page title is 'My Store'.</msg>
<status status="PASS" starttime="20200707 14:03:35.574" endtime="20200707 14:03:35.581"></status>
</kw>
<status status="PASS" starttime="20200707 14:03:29.930" endtime="20200707 14:03:35.582"></status>
</kw>
<kw name="E possuo conta cadastrada" library="resources">
<kw name="Click Element" library="SeleniumLibrary">
<doc>Click the element identified by ``locator``.</doc>
<arguments>
<arg>xpath=//*[@id="header"]//a[@class="login"]</arg>
</arguments>
<msg timestamp="20200707 14:03:35.583" level="INFO">Clicking element 'xpath=//*[@id="header"]//a[@class="login"]'.</msg>
<status status="PASS" starttime="20200707 14:03:35.583" endtime="20200707 14:03:36.524"></status>
</kw>
<kw name="Wait Until Element Is Visible" library="SeleniumLibrary">
<doc>Waits until the element ``locator`` is visible.</doc>
<arguments>
<arg>xpath=//*[@id="SubmitCreate"]</arg>
</arguments>
<status status="PASS" starttime="20200707 14:03:36.524" endtime="20200707 14:03:37.093"></status>
</kw>
<kw name="Generate Random String" library="String">
<doc>Generates a string with a desired ``length`` from the given ``chars``.</doc>
<assign>
<var>${EMAIL}</var>
</assign>
<msg timestamp="20200707 14:03:37.093" level="INFO">${EMAIL} = IqYRnrk6</msg>
<status status="PASS" starttime="20200707 14:03:37.093" endtime="20200707 14:03:37.093"></status>
</kw>
<kw name="Set Test Variable" library="BuiltIn">
<doc>Makes a variable available everywhere within the scope of the current test.</doc>
<arguments>
<arg>${EMAIL}</arg>
</arguments>
<msg timestamp="20200707 14:03:37.093" level="INFO">${EMAIL} = IqYRnrk6</msg>
<status status="PASS" starttime="20200707 14:03:37.093" endtime="20200707 14:03:37.093"></status>
</kw>
<kw name="Input Text" library="SeleniumLibrary">
<doc>Types the given ``text`` into the text field identified by ``locator``.</doc>
<arguments>
<arg>xpath=//*[@id="email_create"]</arg>
<arg>${EMAIL}@ame.com</arg>
</arguments>
<msg timestamp="20200707 14:03:37.093" level="INFO">Typing text 'IqYRnrk6@ame.com' into text field 'xpath=//*[@id="email_create"]'.</msg>
<status status="PASS" starttime="20200707 14:03:37.093" endtime="20200707 14:03:37.433"></status>
</kw>
<kw name="Click Element" library="SeleniumLibrary">
<doc>Click the element identified by ``locator``.</doc>
<arguments>
<arg>xpath=//*[@id="SubmitCreate"]</arg>
</arguments>
<msg timestamp="20200707 14:03:37.433" level="INFO">Clicking element 'xpath=//*[@id="SubmitCreate"]'.</msg>
<status status="PASS" starttime="20200707 14:03:37.433" endtime="20200707 14:03:37.563"></status>
</kw>
<kw name="Wait Until Element Is Visible" library="SeleniumLibrary">
<doc>Waits until the element ``locator`` is visible.</doc>
<arguments>
<arg>xpath=//*[@id="id_gender1"]</arg>
</arguments>
<status status="PASS" starttime="20200707 14:03:37.563" endtime="20200707 14:03:38.861"></status>
</kw>
<kw name="Click Element" library="SeleniumLibrary">
<doc>Click the element identified by ``locator``.</doc>
<arguments>
<arg>xpath=//*[@id="id_gender1"]</arg>
</arguments>
<msg timestamp="20200707 14:03:38.862" level="INFO">Clicking element 'xpath=//*[@id="id_gender1"]'.</msg>
<status status="PASS" starttime="20200707 14:03:38.861" endtime="20200707 14:03:38.956"></status>
</kw>
<kw name="Input Text" library="SeleniumLibrary">
<doc>Types the given ``text`` into the text field identified by ``locator``.</doc>
<arguments>
<arg>xpath=//*[@id="customer_firstname"]</arg>
<arg>Gabriel</arg>
</arguments>
<msg timestamp="20200707 14:03:38.958" level="INFO">Typing text 'Gabriel' into text field 'xpath=//*[@id="customer_firstname"]'.</msg>
<status status="PASS" starttime="20200707 14:03:38.957" endtime="20200707 14:03:39.197"></status>
</kw>
<kw name="Input Text" library="SeleniumLibrary">
<doc>Types the given ``text`` into the text field identified by ``locator``.</doc>
<arguments>
<arg>xpath=//*[@id="customer_lastname"]</arg>
<arg>Furtado</arg>
</arguments>
<msg timestamp="20200707 14:03:39.198" level="INFO">Typing text 'Furtado' into text field 'xpath=//*[@id="customer_lastname"]'.</msg>
<status status="PASS" starttime="20200707 14:03:39.197" endtime="20200707 14:03:39.515"></status>
</kw>
<kw name="Set Test Variable" library="BuiltIn">
<doc>Makes a variable available everywhere within the scope of the current test.</doc>
<arguments>
<arg>${PASSWORD}</arg>
<arg>123456</arg>
</arguments>
<msg timestamp="20200707 14:03:39.518" level="INFO">${PASSWORD} = 123456</msg>
<status status="PASS" starttime="20200707 14:03:39.516" endtime="20200707 14:03:39.518"></status>
</kw>
<kw name="Input Text" library="SeleniumLibrary">
<doc>Types the given ``text`` into the text field identified by ``locator``.</doc>
<arguments>
<arg>xpath=//*[@id="passwd"]</arg>
<arg>${PASSWORD}</arg>
</arguments>
<msg timestamp="20200707 14:03:39.519" level="INFO">Typing text '123456' into text field 'xpath=//*[@id="passwd"]'.</msg>
<status status="PASS" starttime="20200707 14:03:39.518" endtime="20200707 14:03:39.687"></status>
</kw>
<kw name="Input Text" library="SeleniumLibrary">
<doc>Types the given ``text`` into the text field identified by ``locator``.</doc>
<arguments>
<arg>id=address1</arg>
<arg>Rua invisivel</arg>
</arguments>
<msg timestamp="20200707 14:03:39.688" level="INFO">Typing text 'Rua invisivel' into text field 'id=address1'.</msg>
<status status="PASS" starttime="20200707 14:03:39.687" endtime="20200707 14:03:39.988"></status>
</kw>
<kw name="Input Text" library="SeleniumLibrary">
<doc>Types the given ``text`` into the text field identified by ``locator``.</doc>
<arguments>
<arg>id=city</arg>
<arg>Ribs</arg>
</arguments>
<msg timestamp="20200707 14:03:39.988" level="INFO">Typing text 'Ribs' into text field 'id=city'.</msg>
<status status="PASS" starttime="20200707 14:03:39.988" endtime="20200707 14:03:40.135"></status>
</kw>
<kw name="Set Focus To Element" library="SeleniumLibrary">
<doc>Sets the focus to the element identified by ``locator``.</doc>
<arguments>
<arg>id=id_state</arg>
</arguments>
<status status="PASS" starttime="20200707 14:03:40.136" endtime="20200707 14:03:40.167"></status>
</kw>
<kw name="Select From List By Index" library="SeleniumLibrary">
<doc>Selects options from selection list ``locator`` by ``indexes``.</doc>
<arguments>
<arg>id=id_state</arg>
<arg>36</arg>
</arguments>
<msg timestamp="20200707 14:03:40.168" level="INFO">Selecting options from selection list 'id=id_state' by index 36.</msg>
<status status="PASS" starttime="20200707 14:03:40.168" endtime="20200707 14:03:40.538"></status>
</kw>
<kw name="Input Text" library="SeleniumLibrary">
<doc>Types the given ``text`` into the text field identified by ``locator``.</doc>
<arguments>
<arg>id=postcode</arg>
<arg>12345</arg>
</arguments>
<msg timestamp="20200707 14:03:40.538" level="INFO">Typing text '12345' into text field 'id=postcode'.</msg>
<status status="PASS" starttime="20200707 14:03:40.538" endtime="20200707 14:03:40.694"></status>
</kw>
<kw name="Input Text" library="SeleniumLibrary">
<doc>Types the given ``text`` into the text field identified by ``locator``.</doc>
<arguments>
<arg>id=phone_mobile</arg>
<arg>98819090</arg>
</arguments>
<msg timestamp="20200707 14:03:40.695" level="INFO">Typing text '98819090' into text field 'id=phone_mobile'.</msg>
<status status="PASS" starttime="20200707 14:03:40.695" endtime="20200707 14:03:40.887"></status>
</kw>
<kw name="Click Button" library="SeleniumLibrary">
<doc>Clicks the button identified by ``locator``.</doc>
<arguments>
<arg>submitAccount</arg>
</arguments>
<msg timestamp="20200707 14:03:40.888" level="INFO">Clicking button 'submitAccount'.</msg>
<status status="PASS" starttime="20200707 14:03:40.887" endtime="20200707 14:03:42.216"></status>
</kw>
<kw name="Click Element" library="SeleniumLibrary">
<doc>Click the element identified by ``locator``.</doc>
<arguments>
<arg>xpath=//*[@id="header_logo"]//img[@class="logo img-responsive"]</arg>
</arguments>
<msg timestamp="20200707 14:03:42.217" level="INFO">Clicking element 'xpath=//*[@id="header_logo"]//img[@class="logo img-responsive"]'.</msg>
<status status="PASS" starttime="20200707 14:03:42.216" endtime="20200707 14:03:44.215"></status>
</kw>
<kw name="Click Element" library="SeleniumLibrary">
<doc>Click the element identified by ``locator``.</doc>
<arguments>
<arg>xpath=//*[@id="header"]/div[2]//a[@class="logout"]</arg>
</arguments>
<msg timestamp="20200707 14:03:44.215" level="INFO">Clicking element 'xpath=//*[@id="header"]/div[2]//a[@class="logout"]'.</msg>
<status status="PASS" starttime="20200707 14:03:44.215" endtime="20200707 14:03:45.362"></status>
</kw>
<status status="PASS" starttime="20200707 14:03:35.582" endtime="20200707 14:03:45.362"></status>
</kw>
<kw name="Quando eu efetuar o login" library="resources">
<kw name="Click Element" library="SeleniumLibrary">
<doc>Click the element identified by ``locator``.</doc>
<arguments>
<arg>xpath=//*[@id="header"]//a[@class="login"]</arg>
</arguments>
<msg timestamp="20200707 14:03:45.364" level="INFO">Clicking element 'xpath=//*[@id="header"]//a[@class="login"]'.</msg>
<status status="PASS" starttime="20200707 14:03:45.364" endtime="20200707 14:03:46.519"></status>
</kw>
<kw name="Wait Until Element Is Visible" library="SeleniumLibrary">
<doc>Waits until the element ``locator`` is visible.</doc>
<arguments>
<arg>xpath=//*[@id="email"]</arg>
</arguments>
<status status="PASS" starttime="20200707 14:03:46.520" endtime="20200707 14:03:46.811"></status>
</kw>
<kw name="Input Text" library="SeleniumLibrary">
<doc>Types the given ``text`` into the text field identified by ``locator``.</doc>
<arguments>
<arg>xpath=//*[@id="email"]</arg>
<arg>${EMAIL}@ame.com</arg>
</arguments>
<msg timestamp="20200707 14:03:46.812" level="INFO">Typing text 'IqYRnrk6@ame.com' into text field 'xpath=//*[@id="email"]'.</msg>
<status status="PASS" starttime="20200707 14:03:46.811" endtime="20200707 14:03:47.000"></status>
</kw>
<kw name="Input Text" library="SeleniumLibrary">
<doc>Types the given ``text`` into the text field identified by ``locator``.</doc>
<arguments>
<arg>xpath=//*[@id="passwd"]</arg>
<arg>${PASSWORD}</arg>
</arguments>
<msg timestamp="20200707 14:03:47.001" level="INFO">Typing text '123456' into text field 'xpath=//*[@id="passwd"]'.</msg>
<status status="PASS" starttime="20200707 14:03:47.000" endtime="20200707 14:03:47.127"></status>
</kw>
<kw name="Click Element" library="SeleniumLibrary">
<doc>Click the element identified by ``locator``.</doc>
<arguments>
<arg>xpath=//*[@id="SubmitLogin"]</arg>
</arguments>
<msg timestamp="20200707 14:03:47.127" level="INFO">Clicking element 'xpath=//*[@id="SubmitLogin"]'.</msg>
<status status="PASS" starttime="20200707 14:03:47.127" endtime="20200707 14:03:48.283"></status>
</kw>
<status status="PASS" starttime="20200707 14:03:45.363" endtime="20200707 14:03:48.283"></status>
</kw>
<kw name="Então uma tela de sucesso deverá ser exibida" library="resources">
<kw name="Wait Until Element Is Visible" library="SeleniumLibrary">
<doc>Waits until the element ``locator`` is visible.</doc>
<arguments>
<arg>xpath=//*[@id="center_column"]/p</arg>
</arguments>
<status status="PASS" starttime="20200707 14:03:48.288" endtime="20200707 14:03:48.328"></status>
</kw>
<kw name="Element Text Should Be" library="SeleniumLibrary">
<doc>Verifies that element ``locator`` contains exact the text ``expected``.</doc>
<arguments>
<arg>xpath=//*[@id="center_column"]/p</arg>
<arg>Welcome to your account. Here you can manage all of your personal information and orders.</arg>
</arguments>
<msg timestamp="20200707 14:03:48.329" level="INFO">Verifying element 'xpath=//*[@id="center_column"]/p' contains exact text 'Welcome to your account. Here you can manage all of your personal information and orders.'.</msg>
<status status="PASS" starttime="20200707 14:03:48.328" endtime="20200707 14:03:48.355"></status>
</kw>
<status status="PASS" starttime="20200707 14:03:48.286" endtime="20200707 14:03:48.355"></status>
</kw>
<kw name="Fechar navegador" library="resources" type="teardown">
<kw name="Close Browser" library="SeleniumLibrary">
<doc>Closes the current browser.</doc>
<status status="PASS" starttime="20200707 14:03:48.357" endtime="20200707 14:03:50.601"></status>
</kw>
<status status="PASS" starttime="20200707 14:03:48.356" endtime="20200707 14:03:50.601"></status>
</kw>
<status status="PASS" starttime="20200707 14:03:26.524" endtime="20200707 14:03:50.602" critical="yes"></status>
</test>
<test id="s1-t2" name="Cenário 02: Login inválido">
<kw name="Abrir navegador" library="resources" type="setup">
<kw name="Open Browser" library="SeleniumLibrary">
<doc>Opens a new browser instance to the optional ``url``.</doc>
<arguments>
<arg>about:blank</arg>
<arg>${BROWSER}</arg>
</arguments>
<msg timestamp="20200707 14:03:50.606" level="INFO">Opening browser 'chrome' to base url 'about:blank'.</msg>
<status status="PASS" starttime="20200707 14:03:50.605" endtime="20200707 14:03:54.022"></status>
</kw>
<status status="PASS" starttime="20200707 14:03:50.605" endtime="20200707 14:03:54.023"></status>
</kw>
<kw name="Dado que estou na tela home" library="resources">
<kw name="Go To" library="SeleniumLibrary">
<doc>Navigates the current browser window to the provided ``url``.</doc>
<arguments>
<arg>http://automationpractice.com</arg>
</arguments>
<msg timestamp="20200707 14:03:54.024" level="INFO">Opening url 'http://automationpractice.com'</msg>
<status status="PASS" starttime="20200707 14:03:54.024" endtime="20200707 14:03:59.931"></status>
</kw>
<kw name="Title Should Be" library="SeleniumLibrary">
<doc>Verifies that the current page title equals ``title``.</doc>
<arguments>
<arg>My Store</arg>
</arguments>
<msg timestamp="20200707 14:03:59.938" level="INFO">Page title is 'My Store'.</msg>
<status status="PASS" starttime="20200707 14:03:59.931" endtime="20200707 14:03:59.938"></status>
</kw>
<status status="PASS" starttime="20200707 14:03:54.023" endtime="20200707 14:03:59.939"></status>
</kw>
<kw name="E insiro qualquer email" library="resources">
<kw name="Generate Random String" library="String">
<doc>Generates a string with a desired ``length`` from the given ``chars``.</doc>
<assign>
<var>${EMAIL}</var>
</assign>
<msg timestamp="20200707 14:03:59.940" level="INFO">${EMAIL} = 4a1D2QK2</msg>
<status status="PASS" starttime="20200707 14:03:59.940" endtime="20200707 14:03:59.940"></status>
</kw>
<kw name="Set Test Variable" library="BuiltIn">
<doc>Makes a variable available everywhere within the scope of the current test.</doc>
<arguments>
<arg>${EMAIL}</arg>
</arguments>
<msg timestamp="20200707 14:03:59.941" level="INFO">${EMAIL} = 4a1D2QK2</msg>
<status status="PASS" starttime="20200707 14:03:59.941" endtime="20200707 14:03:59.941"></status>
</kw>
<kw name="Generate Random String" library="String">
<doc>Generates a string with a desired ``length`` from the given ``chars``.</doc>
<assign>
<var>${PASSWORD}</var>
</assign>
<msg timestamp="20200707 14:03:59.942" level="INFO">${PASSWORD} = vseZbkoO</msg>
<status status="PASS" starttime="20200707 14:03:59.942" endtime="20200707 14:03:59.942"></status>
</kw>
<kw name="Set Test Variable" library="BuiltIn">
<doc>Makes a variable available everywhere within the scope of the current test.</doc>
<arguments>
<arg>${PASSWORD}</arg>
</arguments>
<msg timestamp="20200707 14:03:59.943" level="INFO">${PASSWORD} = vseZbkoO</msg>
<status status="PASS" starttime="20200707 14:03:59.942" endtime="20200707 14:03:59.943"></status>
</kw>
<status status="PASS" starttime="20200707 14:03:59.939" endtime="20200707 14:03:59.944"></status>
</kw>
<kw name="Quando eu efetuar o login" library="resources">
<kw name="Click Element" library="SeleniumLibrary">
<doc>Click the element identified by ``locator``.</doc>
<arguments>
<arg>xpath=//*[@id="header"]//a[@class="login"]</arg>
</arguments>
<msg timestamp="20200707 14:03:59.945" level="INFO">Clicking element 'xpath=//*[@id="header"]//a[@class="login"]'.</msg>
<status status="PASS" starttime="20200707 14:03:59.945" endtime="20200707 14:04:00.989"></status>
</kw>
<kw name="Wait Until Element Is Visible" library="SeleniumLibrary">
<doc>Waits until the element ``locator`` is visible.</doc>
<arguments>
<arg>xpath=//*[@id="email"]</arg>
</arguments>
<status status="PASS" starttime="20200707 14:04:00.989" endtime="20200707 14:04:01.594"></status>
</kw>
<kw name="Input Text" library="SeleniumLibrary">
<doc>Types the given ``text`` into the text field identified by ``locator``.</doc>
<arguments>
<arg>xpath=//*[@id="email"]</arg>
<arg>${EMAIL}@ame.com</arg>
</arguments>
<msg timestamp="20200707 14:04:01.594" level="INFO">Typing text '4a1D2QK2@ame.com' into text field 'xpath=//*[@id="email"]'.</msg>
<status status="PASS" starttime="20200707 14:04:01.594" endtime="20200707 14:04:02.115"></status>
</kw>
<kw name="Input Text" library="SeleniumLibrary">
<doc>Types the given ``text`` into the text field identified by ``locator``.</doc>
<arguments>
<arg>xpath=//*[@id="passwd"]</arg>
<arg>${PASSWORD}</arg>
</arguments>
<msg timestamp="20200707 14:04:02.115" level="INFO">Typing text 'vseZbkoO' into text field 'xpath=//*[@id="passwd"]'.</msg>
<status status="PASS" starttime="20200707 14:04:02.115" endtime="20200707 14:04:02.317"></status>
</kw>
<kw name="Click Element" library="SeleniumLibrary">
<doc>Click the element identified by ``locator``.</doc>
<arguments>
<arg>xpath=//*[@id="SubmitLogin"]</arg>
</arguments>
<msg timestamp="20200707 14:04:02.317" level="INFO">Clicking element 'xpath=//*[@id="SubmitLogin"]'.</msg>
<status status="PASS" starttime="20200707 14:04:02.317" endtime="20200707 14:04:03.256"></status>
</kw>
<status status="PASS" starttime="20200707 14:03:59.944" endtime="20200707 14:04:03.257"></status>
</kw>
<kw name="Então uma tela de login invalido deverá ser exibida" library="resources">
<kw name="Wait Until Element Is Visible" library="SeleniumLibrary">
<doc>Waits until the element ``locator`` is visible.</doc>
<arguments>
<arg>xpath=//*[@id="center_column"]//*[@class="alert alert-danger"]</arg>
</arguments>
<status status="PASS" starttime="20200707 14:04:03.259" endtime="20200707 14:04:03.307"></status>
</kw>
<kw name="Element Text Should Be" library="SeleniumLibrary">
<doc>Verifies that element ``locator`` contains exact the text ``expected``.</doc>
<arguments>
<arg>xpath=//*[@id="center_column"]//li</arg>
<arg>Authentication failed.</arg>
</arguments>
<msg timestamp="20200707 14:04:03.308" level="INFO">Verifying element 'xpath=//*[@id="center_column"]//li' contains exact text 'Authentication failed.'.</msg>
<status status="PASS" starttime="20200707 14:04:03.307" endtime="20200707 14:04:03.346"></status>
</kw>
<status status="PASS" starttime="20200707 14:04:03.257" endtime="20200707 14:04:03.346"></status>
</kw>
<kw name="Fechar navegador" library="resources" type="teardown">
<kw name="Close Browser" library="SeleniumLibrary">
<doc>Closes the current browser.</doc>
<status status="PASS" starttime="20200707 14:04:03.348" endtime="20200707 14:04:05.748"></status>
</kw>
<status status="PASS" starttime="20200707 14:04:03.347" endtime="20200707 14:04:05.748"></status>
</kw>
<status status="PASS" starttime="20200707 14:03:50.604" endtime="20200707 14:04:05.748" critical="yes"></status>
</test>
<test id="s1-t3" name="Cenário 03: Login em branco">
<kw name="Abrir navegador" library="resources" type="setup">
<kw name="Open Browser" library="SeleniumLibrary">
<doc>Opens a new browser instance to the optional ``url``.</doc>
<arguments>
<arg>about:blank</arg>
<arg>${BROWSER}</arg>
</arguments>
<msg timestamp="20200707 14:04:05.753" level="INFO">Opening browser 'chrome' to base url 'about:blank'.</msg>
<status status="PASS" starttime="20200707 14:04:05.753" endtime="20200707 14:04:09.302"></status>
</kw>
<status status="PASS" starttime="20200707 14:04:05.752" endtime="20200707 14:04:09.303"></status>
</kw>
<kw name="Dado que estou na tela home" library="resources">
<kw name="Go To" library="SeleniumLibrary">
<doc>Navigates the current browser window to the provided ``url``.</doc>
<arguments>
<arg>http://automationpractice.com</arg>
</arguments>
<msg timestamp="20200707 14:04:09.305" level="INFO">Opening url 'http://automationpractice.com'</msg>
<status status="PASS" starttime="20200707 14:04:09.304" endtime="20200707 14:04:14.532"></status>
</kw>
<kw name="Title Should Be" library="SeleniumLibrary">
<doc>Verifies that the current page title equals ``title``.</doc>
<arguments>
<arg>My Store</arg>
</arguments>
<msg timestamp="20200707 14:04:14.539" level="INFO">Page title is 'My Store'.</msg>
<status status="PASS" starttime="20200707 14:04:14.532" endtime="20200707 14:04:14.540"></status>
</kw>
<status status="PASS" starttime="20200707 14:04:09.303" endtime="20200707 14:04:14.540"></status>
</kw>
<kw name="Quando eu efetuar o login em branco" library="resources">
<kw name="Click Element" library="SeleniumLibrary">
<doc>Click the element identified by ``locator``.</doc>
<arguments>
<arg>xpath=//*[@id="header"]//a[@class="login"]</arg>
</arguments>
<msg timestamp="20200707 14:04:14.546" level="INFO">Clicking element 'xpath=//*[@id="header"]//a[@class="login"]'.</msg>
<status status="PASS" starttime="20200707 14:04:14.546" endtime="20200707 14:04:15.531"></status>
</kw>
<kw name="Wait Until Element Is Visible" library="SeleniumLibrary">
<doc>Waits until the element ``locator`` is visible.</doc>
<arguments>
<arg>xpath=//*[@id="email"]</arg>
</arguments>
<status status="PASS" starttime="20200707 14:04:15.531" endtime="20200707 14:04:16.116"></status>
</kw>
<kw name="Generate Random String" library="String">
<doc>Generates a string with a desired ``length`` from the given ``chars``.</doc>
<assign>
<var>${PASSWORD}</var>
</assign>
<msg timestamp="20200707 14:04:16.117" level="INFO">${PASSWORD} = 2H519pv3</msg>
<status status="PASS" starttime="20200707 14:04:16.116" endtime="20200707 14:04:16.117"></status>
</kw>
<kw name="Input Text" library="SeleniumLibrary">
<doc>Types the given ``text`` into the text field identified by ``locator``.</doc>
<arguments>
<arg>xpath=//*[@id="passwd"]</arg>
<arg>${PASSWORD}</arg>
</arguments>
<msg timestamp="20200707 14:04:16.117" level="INFO">Typing text '2H519pv3' into text field 'xpath=//*[@id="passwd"]'.</msg>
<status status="PASS" starttime="20200707 14:04:16.117" endtime="20200707 14:04:16.472"></status>
</kw>
<kw name="Click Element" library="SeleniumLibrary">
<doc>Click the element identified by ``locator``.</doc>
<arguments>
<arg>xpath=//*[@id="SubmitLogin"]</arg>
</arguments>
<msg timestamp="20200707 14:04:16.473" level="INFO">Clicking element 'xpath=//*[@id="SubmitLogin"]'.</msg>
<status status="PASS" starttime="20200707 14:04:16.472" endtime="20200707 14:04:17.393"></status>
</kw>
<status status="PASS" starttime="20200707 14:04:14.545" endtime="20200707 14:04:17.393"></status>
</kw>
<kw name="Então uma mensagem &quot;An email address required.&quot; é exibido" library="resources">
<kw name="Wait Until Element Is Visible" library="SeleniumLibrary">
<doc>Waits until the element ``locator`` is visible.</doc>
<arguments>
<arg>xpath=//*[@id="center_column"]//*[@class="alert alert-danger"]</arg>
</arguments>
<status status="PASS" starttime="20200707 14:04:17.397" endtime="20200707 14:04:17.478"></status>
</kw>
<kw name="Element Text Should Be" library="SeleniumLibrary">
<doc>Verifies that element ``locator`` contains exact the text ``expected``.</doc>
<arguments>
<arg>xpath=//*[@id="center_column"]//li</arg>
<arg>${MENSAGEM}</arg>
</arguments>
<msg timestamp="20200707 14:04:17.479" level="INFO">Verifying element 'xpath=//*[@id="center_column"]//li' contains exact text 'An email address required.'.</msg>
<status status="PASS" starttime="20200707 14:04:17.479" endtime="20200707 14:04:17.524"></status>
</kw>
<status status="PASS" starttime="20200707 14:04:17.396" endtime="20200707 14:04:17.525"></status>
</kw>
<kw name="Fechar navegador" library="resources" type="teardown">
<kw name="Close Browser" library="SeleniumLibrary">
<doc>Closes the current browser.</doc>
<status status="PASS" starttime="20200707 14:04:17.526" endtime="20200707 14:04:19.928"></status>
</kw>
<status status="PASS" starttime="20200707 14:04:17.526" endtime="20200707 14:04:19.928"></status>
</kw>
<status status="PASS" starttime="20200707 14:04:05.751" endtime="20200707 14:04:19.928" critical="yes"></status>
</test>
<status status="PASS" starttime="20200707 14:03:26.206" endtime="20200707 14:04:19.932"></status>
</suite>
<statistics>
<total>
<stat pass="3" fail="0">Critical Tests</stat>
<stat pass="3" fail="0">All Tests</stat>
</total>
<tag>
</tag>
<suite>
<stat pass="3" fail="0" id="s1" name="AmeTestesBDD">AmeTestesBDD</stat>
</suite>
</statistics>
<errors>
</errors>
</robot>
